Arguments: 
  C:\Program Files\nodejs\node.exe C:\Program Files (x86)\Yarn\bin\yarn.js init ;y

PATH: 
  C:\windows\system32;C:\windows;C:\windows\System32\Wbem;C:\windows\System32\OpenSSH\;C:\Program Files (x86)\Yarn\bin\;C:\Program Files\Git\cmd;C:\Program Files\PowerShell\7-preview\preview;C:\Windows\System32\;C:\Windows\System32\WindowsPowerShell\v1.0;%NVM_HOME%;%NVM_SYMLINK%;C:\Program Files\Docker\Docker\resources\bin;C:\ProgramData\DockerDesktop\version-bin;C:\Users\jmama\AppData\Local\Microsoft\WindowsApps;C:\Users\jmama\AppData\Local\Programs\Microsoft VS Code\bin;C:\Users\jmama\AppData\Local\Yarn\bin;C:\Program Files (x86)\GitHub CLI\;C:\Users\jmama\AppData\Local\hyper\app-3.0.2\resources\bin;C:\Program Files\heroku\bin;C:\Program Files\PowerShell\7-preview\preview;C:\Windows\System32\;C:\Windows\System32\WindowsPowerShell\v1.0;C:\Users\jmama\AppData\Roaming\nvm;C:\Program Files\nodejs;C:\Users\jmama\AppData\Local\Programs\Microsoft VS Code Insiders\bin

Yarn version: 
  1.22.5

Node version: 
  14.15.5

Platform: 
  win32 x64

Trace: 
  Error: canceled
      at Interface.<anonymous> (C:\Program Files (x86)\Yarn\lib\cli.js:137009:13)
      at Interface.emit (events.js:315:20)
      at Interface._ttyWrite (readline.js:875:16)
      at ReadStream.onkeypress (readline.js:213:10)
      at ReadStream.emit (events.js:315:20)
      at emitKeys (internal/readline/utils.js:345:14)
      at emitKeys.next (<anonymous>)
      at ReadStream.onData (readline.js:1144:36)
      at ReadStream.emit (events.js:315:20)
      at addChunk (internal/streams/readable.js:309:12)

npm manifest: 
  No manifest

yarn manifest: 
  No manifest

Lockfile: 
  No lockfile
